<?xml version="1.0" encoding="UTF-8"?>
<testsuite xmlns:xsi="http://www.w3.org/2001/XMLSchema-instance" xsi:noNamespaceSchemaLocation="https://maven.apache.org/surefire/maven-surefire-plugin/xsd/surefire-test-report-3.0.xsd" version="3.0" name="TestSuite" time="10.873" tests="1" errors="0" skipped="0" failures="0">
  <properties>
    <property name="java.specification.version" value="17"/>
    <property name="webdriver.chrome.driver" value="/Users/shrushrucomp/.cache/selenium/chromedriver/mac-arm64/118.0.5993.70/chromedriver"/>
    <property name="sun.jnu.encoding" value="UTF-8"/>
    <property name="java.class.path" value="/Users/shrushrucomp/Documents/Shruthi-QA2-Assignment/Ebay-assisment/target/test-classes:/Users/shrushrucomp/Documents/Shruthi-QA2-Assignment/Ebay-assisment/target/classes:/Users/shrushrucomp/.m2/repository/org/seleniumhq/selenium/selenium-java/4.12.0/selenium-java-4.12.0.jar:/Users/shrushrucomp/.m2/repository/org/seleniumhq/selenium/selenium-api/4.12.0/selenium-api-4.12.0.jar:/Users/shrushrucomp/.m2/repository/org/seleniumhq/selenium/selenium-chrome-driver/4.12.0/selenium-chrome-driver-4.12.0.jar:/Users/shrushrucomp/.m2/repository/com/google/auto/service/auto-service-annotations/1.1.1/auto-service-annotations-1.1.1.jar:/Users/shrushrucomp/.m2/repository/com/google/guava/guava/32.1.2-jre/guava-32.1.2-jre.jar:/Users/shrushrucomp/.m2/repository/com/google/guava/failureaccess/1.0.1/failureaccess-1.0.1.jar:/Users/shrushrucomp/.m2/repository/com/google/guava/listenablefuture/9999.0-empty-to-avoid-conflict-with-guava/listenablefuture-9999.0-empty-to-avoid-conflict-with-guava.jar:/Users/shrushrucomp/.m2/repository/com/google/code/findbugs/jsr305/3.0.2/jsr305-3.0.2.jar:/Users/shrushrucomp/.m2/repository/org/checkerframework/checker-qual/3.33.0/checker-qual-3.33.0.jar:/Users/shrushrucomp/.m2/repository/com/google/errorprone/error_prone_annotations/2.18.0/error_prone_annotations-2.18.0.jar:/Users/shrushrucomp/.m2/repository/com/google/j2objc/j2objc-annotations/2.8/j2objc-annotations-2.8.jar:/Users/shrushrucomp/.m2/repository/org/seleniumhq/selenium/selenium-chromium-driver/4.12.0/selenium-chromium-driver-4.12.0.jar:/Users/shrushrucomp/.m2/repository/org/seleniumhq/selenium/selenium-json/4.12.0/selenium-json-4.12.0.jar:/Users/shrushrucomp/.m2/repository/org/seleniumhq/selenium/selenium-manager/4.12.0/selenium-manager-4.12.0.jar:/Users/shrushrucomp/.m2/repository/org/seleniumhq/selenium/selenium-devtools-v114/4.12.0/selenium-devtools-v114-4.12.0.jar:/Users/shrushrucomp/.m2/repository/org/seleniumhq/selenium/selenium-devtools-v115/4.12.0/selenium-devtools-v115-4.12.0.jar:/Users/shrushrucomp/.m2/repository/org/seleniumhq/selenium/selenium-devtools-v116/4.12.0/selenium-devtools-v116-4.12.0.jar:/Users/shrushrucomp/.m2/repository/org/seleniumhq/selenium/selenium-devtools-v85/4.12.0/selenium-devtools-v85-4.12.0.jar:/Users/shrushrucomp/.m2/repository/org/seleniumhq/selenium/selenium-edge-driver/4.12.0/selenium-edge-driver-4.12.0.jar:/Users/shrushrucomp/.m2/repository/org/seleniumhq/selenium/selenium-firefox-driver/4.12.0/selenium-firefox-driver-4.12.0.jar:/Users/shrushrucomp/.m2/repository/org/seleniumhq/selenium/selenium-http/4.12.0/selenium-http-4.12.0.jar:/Users/shrushrucomp/.m2/repository/dev/failsafe/failsafe/3.3.2/failsafe-3.3.2.jar:/Users/shrushrucomp/.m2/repository/org/seleniumhq/selenium/selenium-ie-driver/4.12.0/selenium-ie-driver-4.12.0.jar:/Users/shrushrucomp/.m2/repository/org/seleniumhq/selenium/selenium-remote-driver/4.12.0/selenium-remote-driver-4.12.0.jar:/Users/shrushrucomp/.m2/repository/io/netty/netty-buffer/4.1.96.Final/netty-buffer-4.1.96.Final.jar:/Users/shrushrucomp/.m2/repository/io/netty/netty-codec-http/4.1.96.Final/netty-codec-http-4.1.96.Final.jar:/Users/shrushrucomp/.m2/repository/io/netty/netty-codec/4.1.96.Final/netty-codec-4.1.96.Final.jar:/Users/shrushrucomp/.m2/repository/io/netty/netty-handler/4.1.96.Final/netty-handler-4.1.96.Final.jar:/Users/shrushrucomp/.m2/repository/io/netty/netty-common/4.1.96.Final/netty-common-4.1.96.Final.jar:/Users/shrushrucomp/.m2/repository/io/netty/netty-transport-classes-epoll/4.1.96.Final/netty-transport-classes-epoll-4.1.96.Final.jar:/Users/shrushrucomp/.m2/repository/io/netty/netty-transport-classes-kqueue/4.1.96.Final/netty-transport-classes-kqueue-4.1.96.Final.jar:/Users/shrushrucomp/.m2/repository/io/netty/netty-transport-native-epoll/4.1.96.Final/netty-transport-native-epoll-4.1.96.Final.jar:/Users/shrushrucomp/.m2/repository/io/netty/netty-transport-native-kqueue/4.1.96.Final/netty-transport-native-kqueue-4.1.96.Final.jar:/Users/shrushrucomp/.m2/repository/io/netty/netty-transport-native-unix-common/4.1.96.Final/netty-transport-native-unix-common-4.1.96.Final.jar:/Users/shrushrucomp/.m2/repository/io/netty/netty-transport/4.1.96.Final/netty-transport-4.1.96.Final.jar:/Users/shrushrucomp/.m2/repository/io/netty/netty-resolver/4.1.96.Final/netty-resolver-4.1.96.Final.jar:/Users/shrushrucomp/.m2/repository/io/opentelemetry/opentelemetry-api/1.28.0/opentelemetry-api-1.28.0.jar:/Users/shrushrucomp/.m2/repository/io/opentelemetry/opentelemetry-context/1.28.0/opentelemetry-context-1.28.0.jar:/Users/shrushrucomp/.m2/repository/io/opentelemetry/opentelemetry-exporter-logging/1.28.0/opentelemetry-exporter-logging-1.28.0.jar:/Users/shrushrucomp/.m2/repository/io/opentelemetry/opentelemetry-sdk-metrics/1.28.0/opentelemetry-sdk-metrics-1.28.0.jar:/Users/shrushrucomp/.m2/repository/io/opentelemetry/opentelemetry-extension-incubator/1.28.0-alpha/opentelemetry-extension-incubator-1.28.0-alpha.jar:/Users/shrushrucomp/.m2/repository/io/opentelemetry/opentelemetry-sdk-logs/1.28.0/opentelemetry-sdk-logs-1.28.0.jar:/Users/shrushrucomp/.m2/repository/io/opentelemetry/opentelemetry-sdk-common/1.28.0/opentelemetry-sdk-common-1.28.0.jar:/Users/shrushrucomp/.m2/repository/io/opentelemetry/opentelemetry-sdk-extension-autoconfigure-spi/1.28.0/opentelemetry-sdk-extension-autoconfigure-spi-1.28.0.jar:/Users/shrushrucomp/.m2/repository/io/opentelemetry/opentelemetry-sdk-extension-autoconfigure/1.28.0/opentelemetry-sdk-extension-autoconfigure-1.28.0.jar:/Users/shrushrucomp/.m2/repository/io/opentelemetry/opentelemetry-api-events/1.28.0-alpha/opentelemetry-api-events-1.28.0-alpha.jar:/Users/shrushrucomp/.m2/repository/io/opentelemetry/opentelemetry-sdk-trace/1.28.0/opentelemetry-sdk-trace-1.28.0.jar:/Users/shrushrucomp/.m2/repository/io/opentelemetry/opentelemetry-sdk/1.28.0/opentelemetry-sdk-1.28.0.jar:/Users/shrushrucomp/.m2/repository/io/opentelemetry/opentelemetry-semconv/1.28.0-alpha/opentelemetry-semconv-1.28.0-alpha.jar:/Users/shrushrucomp/.m2/repository/net/bytebuddy/byte-buddy/1.14.5/byte-buddy-1.14.5.jar:/Users/shrushrucomp/.m2/repository/org/asynchttpclient/async-http-client/2.12.3/async-http-client-2.12.3.jar:/Users/shrushrucomp/.m2/repository/org/asynchttpclient/async-http-client-netty-utils/2.12.3/async-http-client-netty-utils-2.12.3.jar:/Users/shrushrucomp/.m2/repository/io/netty/netty-codec-socks/4.1.60.Final/netty-codec-socks-4.1.60.Final.jar:/Users/shrushrucomp/.m2/repository/io/netty/netty-handler-proxy/4.1.60.Final/netty-handler-proxy-4.1.60.Final.jar:/Users/shrushrucomp/.m2/repository/io/netty/netty-transport-native-epoll/4.1.60.Final/netty-transport-native-epoll-4.1.60.Final-linux-x86_64.jar:/Users/shrushrucomp/.m2/repository/io/netty/netty-transport-native-kqueue/4.1.60.Final/netty-transport-native-kqueue-4.1.60.Final-osx-x86_64.jar:/Users/shrushrucomp/.m2/repository/org/reactivestreams/reactive-streams/1.0.3/reactive-streams-1.0.3.jar:/Users/shrushrucomp/.m2/repository/com/typesafe/netty/netty-reactive-streams/2.0.4/netty-reactive-streams-2.0.4.jar:/Users/shrushrucomp/.m2/repository/com/sun/activation/jakarta.activation/1.2.2/jakarta.activation-1.2.2.jar:/Users/shrushrucomp/.m2/repository/org/seleniumhq/selenium/selenium-os/4.12.0/selenium-os-4.12.0.jar:/Users/shrushrucomp/.m2/repository/org/apache/commons/commons-exec/1.3/commons-exec-1.3.jar:/Users/shrushrucomp/.m2/repository/org/seleniumhq/selenium/selenium-safari-driver/4.12.0/selenium-safari-driver-4.12.0.jar:/Users/shrushrucomp/.m2/repository/org/seleniumhq/selenium/selenium-support/4.12.0/selenium-support-4.12.0.jar:/Users/shrushrucomp/.m2/repository/io/cucumber/cucumber-java/7.12.0/cucumber-java-7.12.0.jar:/Users/shrushrucomp/.m2/repository/io/cucumber/cucumber-core/7.12.0/cucumber-core-7.12.0.jar:/Users/shrushrucomp/.m2/repository/io/cucumber/cucumber-gherkin/7.12.0/cucumber-gherkin-7.12.0.jar:/Users/shrushrucomp/.m2/repository/io/cucumber/cucumber-gherkin-messages/7.12.0/cucumber-gherkin-messages-7.12.0.jar:/Users/shrushrucomp/.m2/repository/io/cucumber/gherkin/26.2.0/gherkin-26.2.0.jar:/Users/shrushrucomp/.m2/repository/io/cucumber/messages/22.0.0/messages-22.0.0.jar:/Users/shrushrucomp/.m2/repository/io/cucumber/tag-expressions/5.0.1/tag-expressions-5.0.1.jar:/Users/shrushrucomp/.m2/repository/io/cucumber/cucumber-expressions/16.1.2/cucumber-expressions-16.1.2.jar:/Users/shrushrucomp/.m2/repository/io/cucumber/datatable/7.12.0/datatable-7.12.0.jar:/Users/shrushrucomp/.m2/repository/io/cucumber/cucumber-plugin/7.12.0/cucumber-plugin-7.12.0.jar:/Users/shrushrucomp/.m2/repository/io/cucumber/docstring/7.12.0/docstring-7.12.0.jar:/Users/shrushrucomp/.m2/repository/io/cucumber/html-formatter/20.3.0/html-formatter-20.3.0.jar:/Users/shrushrucomp/.m2/repository/io/cucumber/junit-xml-formatter/0.2.0/junit-xml-formatter-0.2.0.jar:/Users/shrushrucomp/.m2/repository/io/cucumber/ci-environment/9.2.0/ci-environment-9.2.0.jar:/Users/shrushrucomp/.m2/repository/org/apiguardian/apiguardian-api/1.1.2/apiguardian-api-1.1.2.jar:/Users/shrushrucomp/.m2/repository/io/cucumber/cucumber-testng/7.12.0/cucumber-testng-7.12.0.jar:/Users/shrushrucomp/.m2/repository/org/testng/testng/7.7.1/testng-7.7.1.jar:/Users/shrushrucomp/.m2/repository/com/beust/jcommander/1.82/jcommander-1.82.jar:/Users/shrushrucomp/.m2/repository/org/webjars/jquery/3.6.1/jquery-3.6.1.jar:/Users/shrushrucomp/.m2/repository/io/github/bonigarcia/webdrivermanager/5.5.3/webdrivermanager-5.5.3.jar:/Users/shrushrucomp/.m2/repository/org/slf4j/slf4j-api/2.0.7/slf4j-api-2.0.7.jar:/Users/shrushrucomp/.m2/repository/com/google/code/gson/gson/2.10.1/gson-2.10.1.jar:/Users/shrushrucomp/.m2/repository/com/github/docker-java/docker-java/3.3.3/docker-java-3.3.3.jar:/Users/shrushrucomp/.m2/repository/com/github/docker-java/docker-java-core/3.3.3/docker-java-core-3.3.3.jar:/Users/shrushrucomp/.m2/repository/com/github/docker-java/docker-java-api/3.3.3/docker-java-api-3.3.3.jar:/Users/shrushrucomp/.m2/repository/com/fasterxml/jackson/core/jackson-annotations/2.10.3/jackson-annotations-2.10.3.jar:/Users/shrushrucomp/.m2/repository/commons-io/commons-io/2.6/commons-io-2.6.jar:/Users/shrushrucomp/.m2/repository/org/apache/commons/commons-compress/1.21/commons-compress-1.21.jar:/Users/shrushrucomp/.m2/repository/com/fasterxml/jackson/core/jackson-databind/2.10.3/jackson-databind-2.10.3.jar:/Users/shrushrucomp/.m2/repository/com/fasterxml/jackson/core/jackson-core/2.10.3/jackson-core-2.10.3.jar:/Users/shrushrucomp/.m2/repository/org/bouncycastle/bcpkix-jdk18on/1.75/bcpkix-jdk18on-1.75.jar:/Users/shrushrucomp/.m2/repository/org/bouncycastle/bcprov-jdk18on/1.75/bcprov-jdk18on-1.75.jar:/Users/shrushrucomp/.m2/repository/org/bouncycastle/bcutil-jdk18on/1.75/bcutil-jdk18on-1.75.jar:/Users/shrushrucomp/.m2/repository/org/slf4j/jcl-over-slf4j/1.7.30/jcl-over-slf4j-1.7.30.jar:/Users/shrushrucomp/.m2/repository/com/github/docker-java/docker-java-transport-httpclient5/3.3.3/docker-java-transport-httpclient5-3.3.3.jar:/Users/shrushrucomp/.m2/repository/com/github/docker-java/docker-java-transport/3.3.3/docker-java-transport-3.3.3.jar:/Users/shrushrucomp/.m2/repository/net/java/dev/jna/jna/5.12.1/jna-5.12.1.jar:/Users/shrushrucomp/.m2/repository/org/brotli/dec/0.1.2/dec-0.1.2.jar:/Users/shrushrucomp/.m2/repository/org/apache/commons/commons-lang3/3.13.0/commons-lang3-3.13.0.jar:/Users/shrushrucomp/.m2/repository/org/apache/httpcomponents/client5/httpclient5/5.2.1/httpclient5-5.2.1.jar:/Users/shrushrucomp/.m2/repository/org/apache/httpcomponents/core5/httpcore5/5.2/httpcore5-5.2.jar:/Users/shrushrucomp/.m2/repository/org/apache/httpcomponents/core5/httpcore5-h2/5.2/httpcore5-h2-5.2.jar:/Users/shrushrucomp/.m2/repository/io/cucumber/cucumber-picocontainer/7.14.0/cucumber-picocontainer-7.14.0.jar:/Users/shrushrucomp/.m2/repository/org/picocontainer/picocontainer/2.15/picocontainer-2.15.jar:"/>
    <property name="java.vm.vendor" value="Eclipse Adoptium"/>
    <property name="sun.arch.data.model" value="64"/>
    <property name="java.vendor.url" value="https://adoptium.net/"/>
    <property name="user.timezone" value="Asia/Kolkata"/>
    <property name="os.name" value="Mac OS X"/>
    <property name="java.vm.specification.version" value="17"/>
    <property name="sun.java.launcher" value="SUN_STANDARD"/>
    <property name="user.country" value="IN"/>
    <property name="sun.boot.library.path" value="/Applications/Eclipse.app/Contents/Eclipse/plugins/org.eclipse.justj.openjdk.hotspot.jre.full.macosx.aarch64_17.0.4.v20220903-1038/jre/lib"/>
    <property name="sun.java.command" value="/Users/shrushrucomp/Documents/Shruthi-QA2-Assignment/Ebay-assisment/target/surefire/surefirebooter3440892904585371341.jar /Users/shrushrucomp/Documents/Shruthi-QA2-Assignment/Ebay-assisment/target/surefire 2023-10-15T08-04-21_164-jvmRun1 surefire3923975278508168427tmp surefire_012841808537995379572tmp"/>
    <property name="http.nonProxyHosts" value="local|*.local|169.254/16|*.169.254/16"/>
    <property name="jdk.debug" value="release"/>
    <property name="surefire.test.class.path" value="/Users/shrushrucomp/Documents/Shruthi-QA2-Assignment/Ebay-assisment/target/test-classes:/Users/shrushrucomp/Documents/Shruthi-QA2-Assignment/Ebay-assisment/target/classes:/Users/shrushrucomp/.m2/repository/org/seleniumhq/selenium/selenium-java/4.12.0/selenium-java-4.12.0.jar:/Users/shrushrucomp/.m2/repository/org/seleniumhq/selenium/selenium-api/4.12.0/selenium-api-4.12.0.jar:/Users/shrushrucomp/.m2/repository/org/seleniumhq/selenium/selenium-chrome-driver/4.12.0/selenium-chrome-driver-4.12.0.jar:/Users/shrushrucomp/.m2/repository/com/google/auto/service/auto-service-annotations/1.1.1/auto-service-annotations-1.1.1.jar:/Users/shrushrucomp/.m2/repository/com/google/guava/guava/32.1.2-jre/guava-32.1.2-jre.jar:/Users/shrushrucomp/.m2/repository/com/google/guava/failureaccess/1.0.1/failureaccess-1.0.1.jar:/Users/shrushrucomp/.m2/repository/com/google/guava/listenablefuture/9999.0-empty-to-avoid-conflict-with-guava/listenablefuture-9999.0-empty-to-avoid-conflict-with-guava.jar:/Users/shrushrucomp/.m2/repository/com/google/code/findbugs/jsr305/3.0.2/jsr305-3.0.2.jar:/Users/shrushrucomp/.m2/repository/org/checkerframework/checker-qual/3.33.0/checker-qual-3.33.0.jar:/Users/shrushrucomp/.m2/repository/com/google/errorprone/error_prone_annotations/2.18.0/error_prone_annotations-2.18.0.jar:/Users/shrushrucomp/.m2/repository/com/google/j2objc/j2objc-annotations/2.8/j2objc-annotations-2.8.jar:/Users/shrushrucomp/.m2/repository/org/seleniumhq/selenium/selenium-chromium-driver/4.12.0/selenium-chromium-driver-4.12.0.jar:/Users/shrushrucomp/.m2/repository/org/seleniumhq/selenium/selenium-json/4.12.0/selenium-json-4.12.0.jar:/Users/shrushrucomp/.m2/repository/org/seleniumhq/selenium/selenium-manager/4.12.0/selenium-manager-4.12.0.jar:/Users/shrushrucomp/.m2/repository/org/seleniumhq/selenium/selenium-devtools-v114/4.12.0/selenium-devtools-v114-4.12.0.jar:/Users/shrushrucomp/.m2/repository/org/seleniumhq/selenium/selenium-devtools-v115/4.12.0/selenium-devtools-v115-4.12.0.jar:/Users/shrushrucomp/.m2/repository/org/seleniumhq/selenium/selenium-devtools-v116/4.12.0/selenium-devtools-v116-4.12.0.jar:/Users/shrushrucomp/.m2/repository/org/seleniumhq/selenium/selenium-devtools-v85/4.12.0/selenium-devtools-v85-4.12.0.jar:/Users/shrushrucomp/.m2/repository/org/seleniumhq/selenium/selenium-edge-driver/4.12.0/selenium-edge-driver-4.12.0.jar:/Users/shrushrucomp/.m2/repository/org/seleniumhq/selenium/selenium-firefox-driver/4.12.0/selenium-firefox-driver-4.12.0.jar:/Users/shrushrucomp/.m2/repository/org/seleniumhq/selenium/selenium-http/4.12.0/selenium-http-4.12.0.jar:/Users/shrushrucomp/.m2/repository/dev/failsafe/failsafe/3.3.2/failsafe-3.3.2.jar:/Users/shrushrucomp/.m2/repository/org/seleniumhq/selenium/selenium-ie-driver/4.12.0/selenium-ie-driver-4.12.0.jar:/Users/shrushrucomp/.m2/repository/org/seleniumhq/selenium/selenium-remote-driver/4.12.0/selenium-remote-driver-4.12.0.jar:/Users/shrushrucomp/.m2/repository/io/netty/netty-buffer/4.1.96.Final/netty-buffer-4.1.96.Final.jar:/Users/shrushrucomp/.m2/repository/io/netty/netty-codec-http/4.1.96.Final/netty-codec-http-4.1.96.Final.jar:/Users/shrushrucomp/.m2/repository/io/netty/netty-codec/4.1.96.Final/netty-codec-4.1.96.Final.jar:/Users/shrushrucomp/.m2/repository/io/netty/netty-handler/4.1.96.Final/netty-handler-4.1.96.Final.jar:/Users/shrushrucomp/.m2/repository/io/netty/netty-common/4.1.96.Final/netty-common-4.1.96.Final.jar:/Users/shrushrucomp/.m2/repository/io/netty/netty-transport-classes-epoll/4.1.96.Final/netty-transport-classes-epoll-4.1.96.Final.jar:/Users/shrushrucomp/.m2/repository/io/netty/netty-transport-classes-kqueue/4.1.96.Final/netty-transport-classes-kqueue-4.1.96.Final.jar:/Users/shrushrucomp/.m2/repository/io/netty/netty-transport-native-epoll/4.1.96.Final/netty-transport-native-epoll-4.1.96.Final.jar:/Users/shrushrucomp/.m2/repository/io/netty/netty-transport-native-kqueue/4.1.96.Final/netty-transport-native-kqueue-4.1.96.Final.jar:/Users/shrushrucomp/.m2/repository/io/netty/netty-transport-native-unix-common/4.1.96.Final/netty-transport-native-unix-common-4.1.96.Final.jar:/Users/shrushrucomp/.m2/repository/io/netty/netty-transport/4.1.96.Final/netty-transport-4.1.96.Final.jar:/Users/shrushrucomp/.m2/repository/io/netty/netty-resolver/4.1.96.Final/netty-resolver-4.1.96.Final.jar:/Users/shrushrucomp/.m2/repository/io/opentelemetry/opentelemetry-api/1.28.0/opentelemetry-api-1.28.0.jar:/Users/shrushrucomp/.m2/repository/io/opentelemetry/opentelemetry-context/1.28.0/opentelemetry-context-1.28.0.jar:/Users/shrushrucomp/.m2/repository/io/opentelemetry/opentelemetry-exporter-logging/1.28.0/opentelemetry-exporter-logging-1.28.0.jar:/Users/shrushrucomp/.m2/repository/io/opentelemetry/opentelemetry-sdk-metrics/1.28.0/opentelemetry-sdk-metrics-1.28.0.jar:/Users/shrushrucomp/.m2/repository/io/opentelemetry/opentelemetry-extension-incubator/1.28.0-alpha/opentelemetry-extension-incubator-1.28.0-alpha.jar:/Users/shrushrucomp/.m2/repository/io/opentelemetry/opentelemetry-sdk-logs/1.28.0/opentelemetry-sdk-logs-1.28.0.jar:/Users/shrushrucomp/.m2/repository/io/opentelemetry/opentelemetry-sdk-common/1.28.0/opentelemetry-sdk-common-1.28.0.jar:/Users/shrushrucomp/.m2/repository/io/opentelemetry/opentelemetry-sdk-extension-autoconfigure-spi/1.28.0/opentelemetry-sdk-extension-autoconfigure-spi-1.28.0.jar:/Users/shrushrucomp/.m2/repository/io/opentelemetry/opentelemetry-sdk-extension-autoconfigure/1.28.0/opentelemetry-sdk-extension-autoconfigure-1.28.0.jar:/Users/shrushrucomp/.m2/repository/io/opentelemetry/opentelemetry-api-events/1.28.0-alpha/opentelemetry-api-events-1.28.0-alpha.jar:/Users/shrushrucomp/.m2/repository/io/opentelemetry/opentelemetry-sdk-trace/1.28.0/opentelemetry-sdk-trace-1.28.0.jar:/Users/shrushrucomp/.m2/repository/io/opentelemetry/opentelemetry-sdk/1.28.0/opentelemetry-sdk-1.28.0.jar:/Users/shrushrucomp/.m2/repository/io/opentelemetry/opentelemetry-semconv/1.28.0-alpha/opentelemetry-semconv-1.28.0-alpha.jar:/Users/shrushrucomp/.m2/repository/net/bytebuddy/byte-buddy/1.14.5/byte-buddy-1.14.5.jar:/Users/shrushrucomp/.m2/repository/org/asynchttpclient/async-http-client/2.12.3/async-http-client-2.12.3.jar:/Users/shrushrucomp/.m2/repository/org/asynchttpclient/async-http-client-netty-utils/2.12.3/async-http-client-netty-utils-2.12.3.jar:/Users/shrushrucomp/.m2/repository/io/netty/netty-codec-socks/4.1.60.Final/netty-codec-socks-4.1.60.Final.jar:/Users/shrushrucomp/.m2/repository/io/netty/netty-handler-proxy/4.1.60.Final/netty-handler-proxy-4.1.60.Final.jar:/Users/shrushrucomp/.m2/repository/io/netty/netty-transport-native-epoll/4.1.60.Final/netty-transport-native-epoll-4.1.60.Final-linux-x86_64.jar:/Users/shrushrucomp/.m2/repository/io/netty/netty-transport-native-kqueue/4.1.60.Final/netty-transport-native-kqueue-4.1.60.Final-osx-x86_64.jar:/Users/shrushrucomp/.m2/repository/org/reactivestreams/reactive-streams/1.0.3/reactive-streams-1.0.3.jar:/Users/shrushrucomp/.m2/repository/com/typesafe/netty/netty-reactive-streams/2.0.4/netty-reactive-streams-2.0.4.jar:/Users/shrushrucomp/.m2/repository/com/sun/activation/jakarta.activation/1.2.2/jakarta.activation-1.2.2.jar:/Users/shrushrucomp/.m2/repository/org/seleniumhq/selenium/selenium-os/4.12.0/selenium-os-4.12.0.jar:/Users/shrushrucomp/.m2/repository/org/apache/commons/commons-exec/1.3/commons-exec-1.3.jar:/Users/shrushrucomp/.m2/repository/org/seleniumhq/selenium/selenium-safari-driver/4.12.0/selenium-safari-driver-4.12.0.jar:/Users/shrushrucomp/.m2/repository/org/seleniumhq/selenium/selenium-support/4.12.0/selenium-support-4.12.0.jar:/Users/shrushrucomp/.m2/repository/io/cucumber/cucumber-java/7.12.0/cucumber-java-7.12.0.jar:/Users/shrushrucomp/.m2/repository/io/cucumber/cucumber-core/7.12.0/cucumber-core-7.12.0.jar:/Users/shrushrucomp/.m2/repository/io/cucumber/cucumber-gherkin/7.12.0/cucumber-gherkin-7.12.0.jar:/Users/shrushrucomp/.m2/repository/io/cucumber/cucumber-gherkin-messages/7.12.0/cucumber-gherkin-messages-7.12.0.jar:/Users/shrushrucomp/.m2/repository/io/cucumber/gherkin/26.2.0/gherkin-26.2.0.jar:/Users/shrushrucomp/.m2/repository/io/cucumber/messages/22.0.0/messages-22.0.0.jar:/Users/shrushrucomp/.m2/repository/io/cucumber/tag-expressions/5.0.1/tag-expressions-5.0.1.jar:/Users/shrushrucomp/.m2/repository/io/cucumber/cucumber-expressions/16.1.2/cucumber-expressions-16.1.2.jar:/Users/shrushrucomp/.m2/repository/io/cucumber/datatable/7.12.0/datatable-7.12.0.jar:/Users/shrushrucomp/.m2/repository/io/cucumber/cucumber-plugin/7.12.0/cucumber-plugin-7.12.0.jar:/Users/shrushrucomp/.m2/repository/io/cucumber/docstring/7.12.0/docstring-7.12.0.jar:/Users/shrushrucomp/.m2/repository/io/cucumber/html-formatter/20.3.0/html-formatter-20.3.0.jar:/Users/shrushrucomp/.m2/repository/io/cucumber/junit-xml-formatter/0.2.0/junit-xml-formatter-0.2.0.jar:/Users/shrushrucomp/.m2/repository/io/cucumber/ci-environment/9.2.0/ci-environment-9.2.0.jar:/Users/shrushrucomp/.m2/repository/org/apiguardian/apiguardian-api/1.1.2/apiguardian-api-1.1.2.jar:/Users/shrushrucomp/.m2/repository/io/cucumber/cucumber-testng/7.12.0/cucumber-testng-7.12.0.jar:/Users/shrushrucomp/.m2/repository/org/testng/testng/7.7.1/testng-7.7.1.jar:/Users/shrushrucomp/.m2/repository/com/beust/jcommander/1.82/jcommander-1.82.jar:/Users/shrushrucomp/.m2/repository/org/webjars/jquery/3.6.1/jquery-3.6.1.jar:/Users/shrushrucomp/.m2/repository/io/github/bonigarcia/webdrivermanager/5.5.3/webdrivermanager-5.5.3.jar:/Users/shrushrucomp/.m2/repository/org/slf4j/slf4j-api/2.0.7/slf4j-api-2.0.7.jar:/Users/shrushrucomp/.m2/repository/com/google/code/gson/gson/2.10.1/gson-2.10.1.jar:/Users/shrushrucomp/.m2/repository/com/github/docker-java/docker-java/3.3.3/docker-java-3.3.3.jar:/Users/shrushrucomp/.m2/repository/com/github/docker-java/docker-java-core/3.3.3/docker-java-core-3.3.3.jar:/Users/shrushrucomp/.m2/repository/com/github/docker-java/docker-java-api/3.3.3/docker-java-api-3.3.3.jar:/Users/shrushrucomp/.m2/repository/com/fasterxml/jackson/core/jackson-annotations/2.10.3/jackson-annotations-2.10.3.jar:/Users/shrushrucomp/.m2/repository/commons-io/commons-io/2.6/commons-io-2.6.jar:/Users/shrushrucomp/.m2/repository/org/apache/commons/commons-compress/1.21/commons-compress-1.21.jar:/Users/shrushrucomp/.m2/repository/com/fasterxml/jackson/core/jackson-databind/2.10.3/jackson-databind-2.10.3.jar:/Users/shrushrucomp/.m2/repository/com/fasterxml/jackson/core/jackson-core/2.10.3/jackson-core-2.10.3.jar:/Users/shrushrucomp/.m2/repository/org/bouncycastle/bcpkix-jdk18on/1.75/bcpkix-jdk18on-1.75.jar:/Users/shrushrucomp/.m2/repository/org/bouncycastle/bcprov-jdk18on/1.75/bcprov-jdk18on-1.75.jar:/Users/shrushrucomp/.m2/repository/org/bouncycastle/bcutil-jdk18on/1.75/bcutil-jdk18on-1.75.jar:/Users/shrushrucomp/.m2/repository/org/slf4j/jcl-over-slf4j/1.7.30/jcl-over-slf4j-1.7.30.jar:/Users/shrushrucomp/.m2/repository/com/github/docker-java/docker-java-transport-httpclient5/3.3.3/docker-java-transport-httpclient5-3.3.3.jar:/Users/shrushrucomp/.m2/repository/com/github/docker-java/docker-java-transport/3.3.3/docker-java-transport-3.3.3.jar:/Users/shrushrucomp/.m2/repository/net/java/dev/jna/jna/5.12.1/jna-5.12.1.jar:/Users/shrushrucomp/.m2/repository/org/brotli/dec/0.1.2/dec-0.1.2.jar:/Users/shrushrucomp/.m2/repository/org/apache/commons/commons-lang3/3.13.0/commons-lang3-3.13.0.jar:/Users/shrushrucomp/.m2/repository/org/apache/httpcomponents/client5/httpclient5/5.2.1/httpclient5-5.2.1.jar:/Users/shrushrucomp/.m2/repository/org/apache/httpcomponents/core5/httpcore5/5.2/httpcore5-5.2.jar:/Users/shrushrucomp/.m2/repository/org/apache/httpcomponents/core5/httpcore5-h2/5.2/httpcore5-h2-5.2.jar:/Users/shrushrucomp/.m2/repository/io/cucumber/cucumber-picocontainer/7.14.0/cucumber-picocontainer-7.14.0.jar:/Users/shrushrucomp/.m2/repository/org/picocontainer/picocontainer/2.15/picocontainer-2.15.jar:"/>
    <property name="sun.cpu.endian" value="little"/>
    <property name="user.home" value="/Users/shrushrucomp"/>
    <property name="user.language" value="en"/>
    <property name="java.specification.vendor" value="Oracle Corporation"/>
    <property name="java.version.date" value="2022-08-12"/>
    <property name="java.home" value="/Applications/Eclipse.app/Contents/Eclipse/plugins/org.eclipse.justj.openjdk.hotspot.jre.full.macosx.aarch64_17.0.4.v20220903-1038/jre"/>
    <property name="file.separator" value="/"/>
    <property name="style.color" value="always"/>
    <property name="basedir" value="/Users/shrushrucomp/Documents/Shruthi-QA2-Assignment/Ebay-assisment"/>
    <property name="java.vm.compressedOopsMode" value="Zero based"/>
    <property name="line.separator" value="&#10;"/>
    <property name="java.vm.specification.vendor" value="Oracle Corporation"/>
    <property name="java.specification.name" value="Java Platform API Specification"/>
    <property name="surefire.real.class.path" value="/Users/shrushrucomp/Documents/Shruthi-QA2-Assignment/Ebay-assisment/target/surefire/surefirebooter3440892904585371341.jar"/>
    <property name="sun.management.compiler" value="HotSpot 64-Bit Tiered Compilers"/>
    <property name="ftp.nonProxyHosts" value="local|*.local|169.254/16|*.169.254/16"/>
    <property name="java.runtime.version" value="17.0.4.1+1"/>
    <property name="user.name" value="shrushrucomp"/>
    <property name="path.separator" value=":"/>
    <property name="os.version" value="12.6.8"/>
    <property name="java.runtime.name" value="OpenJDK Runtime Environment"/>
    <property name="file.encoding" value="UTF-8"/>
    <property name="java.vm.name" value="OpenJDK 64-Bit Server VM"/>
    <property name="java.vendor.version" value="Temurin-17.0.4.1+1"/>
    <property name="localRepository" value="/Users/shrushrucomp/.m2/repository"/>
    <property name="java.vendor.url.bug" value="https://github.com/adoptium/adoptium-support/issues"/>
    <property name="java.io.tmpdir" value="/var/folders/kk/qpr8q49s2xz3p886qhhzf_p40000gn/T/"/>
    <property name="java.version" value="17.0.4.1"/>
    <property name="user.dir" value="/Users/shrushrucomp/Documents/Shruthi-QA2-Assignment/Ebay-assisment"/>
    <property name="os.arch" value="aarch64"/>
    <property name="java.vm.specification.name" value="Java Virtual Machine Specification"/>
    <property name="native.encoding" value="UTF-8"/>
    <property name="java.library.path" value="/Users/shrushrucomp/Library/Java/Extensions:/Library/Java/Extensions:/Network/Library/Java/Extensions:/System/Library/Java/Extensions:/usr/lib/java:."/>
    <property name="java.vm.info" value="mixed mode"/>
    <property name="java.vendor" value="Eclipse Adoptium"/>
    <property name="java.vm.version" value="17.0.4.1+1"/>
    <property name="sun.io.unicode.encoding" value="UnicodeBig"/>
    <property name="socksNonProxyHosts" value="local|*.local|169.254/16|*.169.254/16"/>
    <property name="java.class.version" value="61.0"/>
  </properties>
  <testcase name="runScenario[&quot;Access a Product via Search&quot;, &quot;Ebay filter verification&quot;](1)" classname="cucumberOptions.TestRunner" time="10.606">
    <system-out><![CDATA[Launched
Macbook enterted
Selection is done
clicked on search
Macbook in Computers/Tablets & Networking for sale | eBay
Each word isApple MacBook Pro 13" A1278 2011 Intel i5 2.3GHZ 4GB 500GB macOS 10.13First item is Apple MacBook Pro 13" A1278 2011 Intel i5 2.3GHZ 4GB 500GB macOS 10.13
search string is Macbook
]]></system-out>
    <system-err><![CDATA[SLF4J: No SLF4J providers were found.
SLF4J: Defaulting to no-operation (NOP) logger implementation
SLF4J: See https://www.slf4j.org/codes.html#noProviders for further details.
Oct 15, 2023 8:04:22 AM org.openqa.selenium.devtools.CdpVersionFinder findNearestMatch
WARNING: Unable to find an exact match for CDP version 118, so returning the closest version found: 116
Oct 15, 2023 8:04:32 AM org.openqa.selenium.remote.http.WebSocket$Listener onError
WARNING: Connection reset
java.net.SocketException: Connection reset
	at java.base/sun.nio.ch.SocketChannelImpl.throwConnectionReset(SocketChannelImpl.java:394)
	at java.base/sun.nio.ch.SocketChannelImpl.read(SocketChannelImpl.java:426)
	at io.netty.buffer.PooledByteBuf.setBytes(PooledByteBuf.java:254)
	at io.netty.buffer.AbstractByteBuf.writeBytes(AbstractByteBuf.java:1132)
	at io.netty.channel.socket.nio.NioSocketChannel.doReadBytes(NioSocketChannel.java:357)
	at io.netty.channel.nio.AbstractNioByteChannel$NioByteUnsafe.read(AbstractNioByteChannel.java:151)
	at io.netty.channel.nio.NioEventLoop.processSelectedKey(NioEventLoop.java:788)
	at io.netty.channel.nio.NioEventLoop.processSelectedKeysOptimized(NioEventLoop.java:724)
	at io.netty.channel.nio.NioEventLoop.processSelectedKeys(NioEventLoop.java:650)
	at io.netty.channel.nio.NioEventLoop.run(NioEventLoop.java:562)
	at io.netty.util.concurrent.SingleThreadEventExecutor$4.run(SingleThreadEventExecutor.java:997)
	at io.netty.util.internal.ThreadExecutorMap$2.run(ThreadExecutorMap.java:74)
	at io.netty.util.concurrent.FastThreadLocalRunnable.run(FastThreadLocalRunnable.java:30)
	at java.base/java.lang.Thread.run(Thread.java:833)

]]></system-err>
  </testcase>
</testsuite>