<?xml version="1.0" encoding="UTF-8"?>
<!-- Generated by org.testng.reporters.JUnitReportReporter -->
<testsuite hostname="shrus-MacBook-Pro.local" failures="0" tests="1" name="cucumberOptions.TestRunner" time="10.603" errors="0" timestamp="2023-10-15T08:04:32 IST" skipped="0">
  <testcase classname="cucumberOptions.TestRunner" name="runScenario" time="10.603"/>
  <system-out/>
</testsuite> <!-- cucumberOptions.TestRunner -->
